<<<<<<< HEAD
<<<<<<< HEAD
[ServerLogs DEBUG] 2021-11-01 12:45:20.599 BaseTest:140 - Appium Server is already running................
[ServerLogs DEBUG] 2021-11-01 12:49:14.788 BaseTest:138 - Appium Server started.................
[ServerLogs DEBUG] 2021-11-01 12:51:20.804 BaseTest:147 - Appium Server stopped.............
[ServerLogs DEBUG] 2021-11-01 12:52:44.266 BaseTest:140 - Appium Server is already running................
[ServerLogs DEBUG] 2021-11-01 12:56:46.313 BaseTest:138 - Appium Server started.................
[ServerLogs DEBUG] 2021-11-01 12:59:38.097 BaseTest:138 - Appium Server started.................
[ServerLogs DEBUG] 2021-11-01 13:00:14.887 BaseTest:140 - Appium Server is already running................
[ServerLogs DEBUG] 2021-11-01 13:10:54.008 BaseTest:138 - Appium Server started.................
[ServerLogs DEBUG] 2021-11-01 13:13:45.258 BaseTest:147 - Appium Server stopped.............
[ServerLogs DEBUG] 2021-11-01 13:14:26.689 BaseTest:138 - Appium Server started.................
[ServerLogs DEBUG] 2021-11-01 13:16:25.740 BaseTest:138 - Appium Server started.................
[ServerLogs DEBUG] 2021-11-01 13:17:48.610 BaseTest:147 - Appium Server stopped.............
[ServerLogs DEBUG] 2021-11-01 13:19:53.839 BaseTest:140 - Appium Server is already running................
[ServerLogs DEBUG] 2021-11-01 13:23:26.059 BaseTest:138 - Appium Server started.................
[ServerLogs DEBUG] 2021-11-01 13:25:14.885 BaseTest:138 - Appium Server started.................
[ServerLogs DEBUG] 2021-11-01 13:26:59.130 BaseTest:138 - Appium Server started.................
[ServerLogs DEBUG] 2021-11-01 13:28:13.088 BaseTest:147 - Appium Server stopped.............
[ServerLogs DEBUG] 2021-11-01 13:38:14.128 BaseTest:140 - Appium Server is already running................
[ServerLogs DEBUG] 2021-11-01 13:41:52.948 BaseTest:138 - Appium Server started.................
=======
[ServerLogs DEBUG] 2022-01-10 00:33:15.173 BaseTest:141 - Appium Server started.................
[ServerLogs DEBUG] 2022-01-10 00:36:52.471 BaseTest:150 - Appium Server stopped.............
[ServerLogs DEBUG] 2022-01-10 00:38:18.724 BaseTest:141 - Appium Server started.................
[ServerLogs DEBUG] 2022-01-10 00:40:01.227 BaseTest:150 - Appium Server stopped.............
[ServerLogs DEBUG] 2022-01-10 10:32:18.905 BaseTest:141 - Appium Server started.................
[ServerLogs DEBUG] 2022-01-10 10:36:22.043 BaseTest:150 - Appium Server stopped.............
[ServerLogs DEBUG] 2022-01-10 10:36:45.730 BaseTest:141 - Appium Server started.................
[ServerLogs DEBUG] 2022-01-10 10:38:12.860 BaseTest:150 - Appium Server stopped.............
<<<<<<< HEAD
>>>>>>> develop5
=======
[ServerLogs DEBUG] 2022-01-10 11:03:38.059 BaseTest:141 - Appium Server started.................
[ServerLogs DEBUG] 2022-01-10 11:04:52.091 BaseTest:141 - Appium Server started.................
[ServerLogs DEBUG] 2022-01-10 11:05:47.798 BaseTest:150 - Appium Server stopped.............
[ServerLogs DEBUG] 2022-01-10 11:07:15.445 BaseTest:141 - Appium Server started.................
[ServerLogs DEBUG] 2022-01-10 11:08:58.295 BaseTest:150 - Appium Server stopped.............
<<<<<<< HEAD
[ServerLogs DEBUG] 2022-01-10 15:21:34.436 BaseTest:141 - Appium Server started.................
[ServerLogs DEBUG] 2022-01-10 15:22:47.531 BaseTest:150 - Appium Server stopped.............
>>>>>>> devlop6
=======
[ServerLogs DEBUG] 2022-01-17 18:32:14.126 BaseTest:141 - Appium Server started.................
[ServerLogs DEBUG] 2022-01-17 18:36:17.729 BaseTest:150 - Appium Server stopped.............
[ServerLogs DEBUG] 2022-01-17 18:57:16.389 BaseTest:141 - Appium Server started.................
[ServerLogs DEBUG] 2022-01-17 18:59:55.698 BaseTest:150 - Appium Server stopped.............
[ServerLogs DEBUG] 2022-01-17 19:00:16.394 BaseTest:141 - Appium Server started.................
[ServerLogs DEBUG] 2022-01-17 19:02:40.503 BaseTest:150 - Appium Server stopped.............
>>>>>>> develop11
=======
[ServerLogs DEBUG] 2022-04-12 16:30:22.416 BaseTest:141 - Appium Server started.................
>>>>>>> develop21
