[logsAndroid_Pixel_3 DEBUG] 2021-11-01 12:45:20.702 BaseTest:87 - Log file path: logs\Android_Pixel_3
[logsAndroid_Pixel_3 DEBUG] 2021-11-01 12:49:14.903 BaseTest:87 - Log file path: logs\Android_Pixel_3
[logsAndroid_Pixel_3 DEBUG] 2021-11-01 12:49:41.650 BaseTest:106 - sessionId: eb9ca6ff-3a9e-4913-8362-b103b8c30240
[logsAndroid_Pixel_3 DEBUG] 2021-11-01 12:49:42.852 LoginTests:61 - ---------------------------------------------------
[logsAndroid_Pixel_3 DEBUG] 2021-11-01 12:49:42.852 LoginTests:62 - ******************* Test started: invalidPassword*******************
[logsAndroid_Pixel_3 INFO ] 2021-11-01 12:49:48.479 BasePage:55 - Filling standard_user in Username Textbox
[logsAndroid_Pixel_3 INFO ] 2021-11-01 12:49:49.737 BasePage:55 - Filling invalidpassword in Password Textbox
[logsAndroid_Pixel_3 INFO ] 2021-11-01 12:49:51.009 BasePage:41 - Login button is clicked
[logsAndroid_Pixel_3 INFO ] 2021-11-01 12:49:52.244 BasePage:62 - Attribute: text value for Username and password do not match any user in this service. is - Username and password do not match any user in this service.
[logsAndroid_Pixel_3 INFO ] 2021-11-01 12:49:52.380 VerificationUtils:26 - Actual: Username and password do not match any user in this service.
[logsAndroid_Pixel_3 INFO ] 2021-11-01 12:49:52.381 VerificationUtils:27 - expected: Username and password do not match any user in this service.
[logsAndroid_Pixel_3 DEBUG] 2021-11-01 12:49:53.242 LoginTests:70 - ******************* Test ended: invalidPassword*******************
[logsAndroid_Pixel_3 DEBUG] 2021-11-01 12:49:53.242 LoginTests:71 - ---------------------------------------------------
[logsAndroid_Pixel_3 DEBUG] 2021-11-01 12:49:55.096 LoginTests:61 - ---------------------------------------------------
[logsAndroid_Pixel_3 DEBUG] 2021-11-01 12:49:55.097 LoginTests:62 - ******************* Test started: invalidUserName*******************
[logsAndroid_Pixel_3 INFO ] 2021-11-01 12:49:55.199 BasePage:55 - Filling invalidusername in Username Textbox
[logsAndroid_Pixel_3 INFO ] 2021-11-01 12:49:56.594 BasePage:55 - Filling secret_sauce in Password Textbox
[logsAndroid_Pixel_3 INFO ] 2021-11-01 12:49:57.942 BasePage:41 - Login button is clicked
[logsAndroid_Pixel_3 INFO ] 2021-11-01 12:49:58.990 BasePage:62 - Attribute: text value for Username and password do not match any user in this service. is - Username and password do not match any user in this service.
[logsAndroid_Pixel_3 INFO ] 2021-11-01 12:49:59.176 VerificationUtils:26 - Actual: Username and password do not match any user in this service.
[logsAndroid_Pixel_3 INFO ] 2021-11-01 12:49:59.177 VerificationUtils:27 - expected: Username and password do not match any user in this service.
[logsAndroid_Pixel_3 DEBUG] 2021-11-01 12:50:00.024 LoginTests:70 - ******************* Test ended: invalidUserName*******************
[logsAndroid_Pixel_3 DEBUG] 2021-11-01 12:50:00.025 LoginTests:71 - ---------------------------------------------------
[logsAndroid_Pixel_3 DEBUG] 2021-11-01 12:50:02.109 LoginTests:61 - ---------------------------------------------------
[logsAndroid_Pixel_3 DEBUG] 2021-11-01 12:50:02.109 LoginTests:62 - ******************* Test started: successfulLogin*******************
[logsAndroid_Pixel_3 INFO ] 2021-11-01 12:50:02.376 BasePage:55 - Filling standard_user in Username Textbox
[logsAndroid_Pixel_3 INFO ] 2021-11-01 12:50:03.669 BasePage:55 - Filling secret_sauce in Password Textbox
[logsAndroid_Pixel_3 INFO ] 2021-11-01 12:50:04.906 BasePage:41 - Login button is clicked
[logsAndroid_Pixel_3 INFO ] 2021-11-01 12:50:11.802 BasePage:62 - Attribute: text value for PRODUCTS is - PRODUCTS
[logsAndroid_Pixel_3 INFO ] 2021-11-01 12:50:13.042 VerificationUtils:26 - Actual: PRODUCTS
[logsAndroid_Pixel_3 INFO ] 2021-11-01 12:50:13.042 VerificationUtils:27 - expected: PRODUCTS
[logsAndroid_Pixel_3 DEBUG] 2021-11-01 12:50:15.329 LoginTests:70 - ******************* Test ended: successfulLogin*******************
[logsAndroid_Pixel_3 DEBUG] 2021-11-01 12:50:15.331 LoginTests:71 - ---------------------------------------------------
[logsAndroid_Pixel_3 DEBUG] 2021-11-01 12:52:44.357 BaseTest:87 - Log file path: logs\Android_Pixel_3
[logsAndroid_Pixel_3 DEBUG] 2021-11-01 12:56:46.435 BaseTest:87 - Log file path: logs\Android_Pixel_3
[logsAndroid_Pixel_3 DEBUG] 2021-11-01 12:57:12.284 BaseTest:106 - sessionId: 85884c5d-aed1-42a0-abdc-86848d9d7559
[logsAndroid_Pixel_3 DEBUG] 2021-11-01 12:57:13.538 LoginTests:61 - ---------------------------------------------------
[logsAndroid_Pixel_3 DEBUG] 2021-11-01 12:57:13.538 LoginTests:62 - ******************* Test started: invalidPassword*******************
[logsAndroid_Pixel_3 INFO ] 2021-11-01 12:57:15.887 BasePage:55 - Filling standard_user in Username Textbox
[logsAndroid_Pixel_3 INFO ] 2021-11-01 12:57:16.771 BasePage:55 - Filling invalidpassword in Password Textbox
[logsAndroid_Pixel_3 INFO ] 2021-11-01 12:57:17.967 BasePage:41 - Login button is clicked
[logsAndroid_Pixel_3 INFO ] 2021-11-01 12:57:19.774 BasePage:62 - Attribute: text value for Username and password do not match any user in this service. is - Username and password do not match any user in this service.
[logsAndroid_Pixel_3 INFO ] 2021-11-01 12:57:19.949 VerificationUtils:26 - Actual: Username and password do not match any user in this service.
[logsAndroid_Pixel_3 INFO ] 2021-11-01 12:57:19.950 VerificationUtils:27 - expected: Username and password do not match any user in this service.
[logsAndroid_Pixel_3 DEBUG] 2021-11-01 12:57:20.789 LoginTests:70 - ******************* Test ended: invalidPassword*******************
[logsAndroid_Pixel_3 DEBUG] 2021-11-01 12:57:20.790 LoginTests:71 - ---------------------------------------------------
[logsAndroid_Pixel_3 DEBUG] 2021-11-01 12:57:22.638 LoginTests:61 - ---------------------------------------------------
[logsAndroid_Pixel_3 DEBUG] 2021-11-01 12:57:22.639 LoginTests:62 - ******************* Test started: invalidUserName*******************
[logsAndroid_Pixel_3 INFO ] 2021-11-01 12:57:22.711 BasePage:55 - Filling invalidusername in Username Textbox
[logsAndroid_Pixel_3 INFO ] 2021-11-01 12:57:23.979 BasePage:55 - Filling secret_sauce in Password Textbox
[logsAndroid_Pixel_3 INFO ] 2021-11-01 12:57:25.155 BasePage:41 - Login button is clicked
[logsAndroid_Pixel_3 INFO ] 2021-11-01 12:57:25.957 BasePage:62 - Attribute: text value for Username and password do not match any user in this service. is - Username and password do not match any user in this service.
[logsAndroid_Pixel_3 INFO ] 2021-11-01 12:57:26.084 VerificationUtils:26 - Actual: Username and password do not match any user in this service.
[logsAndroid_Pixel_3 INFO ] 2021-11-01 12:57:26.085 VerificationUtils:27 - expected: Username and password do not match any user in this service.
[logsAndroid_Pixel_3 DEBUG] 2021-11-01 12:57:26.855 LoginTests:70 - ******************* Test ended: invalidUserName*******************
[logsAndroid_Pixel_3 DEBUG] 2021-11-01 12:57:26.856 LoginTests:71 - ---------------------------------------------------
[logsAndroid_Pixel_3 DEBUG] 2021-11-01 12:57:28.747 LoginTests:61 - ---------------------------------------------------
[logsAndroid_Pixel_3 DEBUG] 2021-11-01 12:57:28.748 LoginTests:62 - ******************* Test started: successfulLogin*******************
[logsAndroid_Pixel_3 INFO ] 2021-11-01 12:57:28.829 BasePage:55 - Filling standard_user in Username Textbox
[logsAndroid_Pixel_3 INFO ] 2021-11-01 12:57:30.091 BasePage:55 - Filling secret_sauce in Password Textbox
[logsAndroid_Pixel_3 INFO ] 2021-11-01 12:57:30.807 BasePage:41 - Login button is clicked
[logsAndroid_Pixel_3 INFO ] 2021-11-01 12:57:33.988 BasePage:62 - Attribute: text value for PRODUCTS is - PRODUCTS
[logsAndroid_Pixel_3 INFO ] 2021-11-01 12:57:34.200 VerificationUtils:26 - Actual: PRODUCTS
[logsAndroid_Pixel_3 INFO ] 2021-11-01 12:57:34.201 VerificationUtils:27 - expected: PRODUCTS
[logsAndroid_Pixel_3 DEBUG] 2021-11-01 12:57:35.778 LoginTests:70 - ******************* Test ended: successfulLogin*******************
[logsAndroid_Pixel_3 DEBUG] 2021-11-01 12:57:35.779 LoginTests:71 - ---------------------------------------------------
[logsAndroid_Pixel_3 DEBUG] 2021-11-01 12:57:44.759 ProductTests:64 - ---------------------------------------------------
[logsAndroid_Pixel_3 DEBUG] 2021-11-01 12:57:44.759 ProductTests:65 - ******************* Test started: validateProductOnProductDetailsPage*******************
[logsAndroid_Pixel_3 INFO ] 2021-11-01 12:57:46.017 BasePage:55 - Filling standard_user in Username Textbox
[logsAndroid_Pixel_3 INFO ] 2021-11-01 12:57:47.070 BasePage:55 - Filling secret_sauce in Password Textbox
[logsAndroid_Pixel_3 INFO ] 2021-11-01 12:57:47.884 BasePage:41 - Login button is clicked
[logsAndroid_Pixel_3 INFO ] 2021-11-01 12:57:51.744 BasePage:62 - Attribute: text value for PRODUCTS is - PRODUCTS
[logsAndroid_Pixel_3 INFO ] 2021-11-01 12:57:51.895 VerificationUtils:26 - Actual: PRODUCTS
[logsAndroid_Pixel_3 INFO ] 2021-11-01 12:57:51.896 VerificationUtils:27 - expected: PRODUCTS
[logsAndroid_Pixel_3 INFO ] 2021-11-01 12:57:54.074 BasePage:34 - Sauce Labs Backpack is clicked
[logsAndroid_Pixel_3 INFO ] 2021-11-01 12:57:57.508 BasePage:62 - Attribute: text value for Sauce Labs Backpack is - Sauce Labs Backpack
[logsAndroid_Pixel_3 INFO ] 2021-11-01 12:57:57.662 VerificationUtils:26 - Actual: Sauce Labs Backpack
[logsAndroid_Pixel_3 INFO ] 2021-11-01 12:57:57.663 VerificationUtils:27 - expected: Sauce Labs Backpack
[logsAndroid_Pixel_3 INFO ] 2021-11-01 12:58:00.907 BasePage:62 - Attribute: text value for carry.allTheThings() with the sleek, streamlined Sly Pack that melds uncompromising style with unequaled laptop and tablet protection. is - carry.allTheThings() with the sleek, streamlined Sly Pack that melds uncompromising style with unequaled laptop and tablet protection.
[logsAndroid_Pixel_3 INFO ] 2021-11-01 12:58:01.059 VerificationUtils:26 - Actual: carry.allTheThings() with the sleek, streamlined Sly Pack that melds uncompromising style with unequaled laptop and tablet protection.
[logsAndroid_Pixel_3 INFO ] 2021-11-01 12:58:01.060 VerificationUtils:27 - expected: carry.allTheThings() with the sleek, streamlined Sly Pack that melds uncompromising style with unequaled laptop and tablet protection.
[logsAndroid_Pixel_3 INFO ] 2021-11-01 12:58:11.703 BasePage:62 - Attribute: text value for $29.99 is - $29.99
[logsAndroid_Pixel_3 INFO ] 2021-11-01 12:58:11.848 VerificationUtils:26 - Actual: $29.99
[logsAndroid_Pixel_3 INFO ] 2021-11-01 12:58:11.849 VerificationUtils:27 - expected: $29.99
[logsAndroid_Pixel_3 DEBUG] 2021-11-01 12:58:13.017 ProductTests:74 - ******************* Test ended: validateProductOnProductDetailsPage*******************
[logsAndroid_Pixel_3 DEBUG] 2021-11-01 12:58:13.017 ProductTests:75 - ---------------------------------------------------
[logsAndroid_Pixel_3 DEBUG] 2021-11-01 12:58:28.751 ProductTests:64 - ---------------------------------------------------
[logsAndroid_Pixel_3 DEBUG] 2021-11-01 12:58:28.751 ProductTests:65 - ******************* Test started: validateProductOnProductsPage*******************
[logsAndroid_Pixel_3 INFO ] 2021-11-01 12:58:36.667 BasePage:55 - Filling standard_user in Username Textbox
[logsAndroid_Pixel_3 INFO ] 2021-11-01 12:58:37.887 BasePage:55 - Filling secret_sauce in Password Textbox
[logsAndroid_Pixel_3 INFO ] 2021-11-01 12:58:38.651 BasePage:41 - Login button is clicked
[logsAndroid_Pixel_3 INFO ] 2021-11-01 12:58:42.923 BasePage:62 - Attribute: text value for PRODUCTS is - PRODUCTS
[logsAndroid_Pixel_3 INFO ] 2021-11-01 12:58:43.381 VerificationUtils:26 - Actual: PRODUCTS
[logsAndroid_Pixel_3 INFO ] 2021-11-01 12:58:43.381 VerificationUtils:27 - expected: PRODUCTS
[logsAndroid_Pixel_3 INFO ] 2021-11-01 12:58:45.803 BasePage:62 - Attribute: text value for Sauce Labs Backpack is - Sauce Labs Backpack
[logsAndroid_Pixel_3 INFO ] 2021-11-01 12:58:45.918 VerificationUtils:26 - Actual: Sauce Labs Backpack
[logsAndroid_Pixel_3 INFO ] 2021-11-01 12:58:45.919 VerificationUtils:27 - expected: Sauce Labs Backpack
[logsAndroid_Pixel_3 INFO ] 2021-11-01 12:58:48.284 BasePage:62 - Attribute: text value for $29.99 is - $29.99
[logsAndroid_Pixel_3 INFO ] 2021-11-01 12:58:48.505 VerificationUtils:26 - Actual: $29.99
[logsAndroid_Pixel_3 INFO ] 2021-11-01 12:58:48.505 VerificationUtils:27 - expected: $29.99
[logsAndroid_Pixel_3 INFO ] 2021-11-01 12:58:50.233 BasePage:41 - Settings button is clicked
[logsAndroid_Pixel_3 INFO ] 2021-11-01 12:58:53.322 BasePage:41 - Logout button is clicked
[logsAndroid_Pixel_3 DEBUG] 2021-11-01 12:58:55.877 ProductTests:74 - ******************* Test ended: validateProductOnProductsPage*******************
[logsAndroid_Pixel_3 DEBUG] 2021-11-01 12:58:55.878 ProductTests:75 - ---------------------------------------------------
[logsAndroid_Pixel_3 DEBUG] 2021-11-01 12:59:38.194 BaseTest:87 - Log file path: logs\Android_Pixel_3
[logsAndroid_Pixel_3 DEBUG] 2021-11-01 13:00:14.935 BaseTest:87 - Log file path: logs\Android_Pixel_3
[logsAndroid_Pixel_3 DEBUG] 2021-11-01 13:10:54.143 BaseTest:87 - Log file path: logs\Android_Pixel_3
[logsAndroid_Pixel_3 DEBUG] 2021-11-01 13:11:42.057 BaseTest:106 - sessionId: c3c15118-c0a3-49ef-8f8f-70c90478396e
[logsAndroid_Pixel_3 DEBUG] 2021-11-01 13:11:44.489 LoginTests:61 - ---------------------------------------------------
[logsAndroid_Pixel_3 DEBUG] 2021-11-01 13:11:44.490 LoginTests:62 - ******************* Test started: invalidPassword*******************
[logsAndroid_Pixel_3 INFO ] 2021-11-01 13:11:45.680 BasePage:55 - Filling standard_user in Username Textbox
[logsAndroid_Pixel_3 INFO ] 2021-11-01 13:11:46.932 BasePage:55 - Filling invalidpassword in Password Textbox
[logsAndroid_Pixel_3 INFO ] 2021-11-01 13:11:48.144 BasePage:41 - Login button is clicked
[logsAndroid_Pixel_3 INFO ] 2021-11-01 13:11:49.968 BasePage:62 - Attribute: text value for Username and password do not match any user in this service. is - Username and password do not match any user in this service.
[logsAndroid_Pixel_3 INFO ] 2021-11-01 13:11:50.119 VerificationUtils:26 - Actual: Username and password do not match any user in this service.
[logsAndroid_Pixel_3 INFO ] 2021-11-01 13:11:50.120 VerificationUtils:27 - expected: Username and password do not match any user in this service.
[logsAndroid_Pixel_3 DEBUG] 2021-11-01 13:11:51.120 LoginTests:70 - ******************* Test ended: invalidPassword*******************
[logsAndroid_Pixel_3 DEBUG] 2021-11-01 13:11:51.121 LoginTests:71 - ---------------------------------------------------
[logsAndroid_Pixel_3 DEBUG] 2021-11-01 13:12:02.855 LoginTests:61 - ---------------------------------------------------
[logsAndroid_Pixel_3 DEBUG] 2021-11-01 13:12:02.855 LoginTests:62 - ******************* Test started: invalidUserName*******************
[logsAndroid_Pixel_3 INFO ] 2021-11-01 13:12:02.945 BasePage:55 - Filling invalidusername in Username Textbox
[logsAndroid_Pixel_3 INFO ] 2021-11-01 13:12:03.895 BasePage:55 - Filling secret_sauce in Password Textbox
[logsAndroid_Pixel_3 INFO ] 2021-11-01 13:12:04.569 BasePage:41 - Login button is clicked
[logsAndroid_Pixel_3 INFO ] 2021-11-01 13:12:05.382 BasePage:62 - Attribute: text value for Username and password do not match any user in this service. is - Username and password do not match any user in this service.
[logsAndroid_Pixel_3 INFO ] 2021-11-01 13:12:05.541 VerificationUtils:26 - Actual: Username and password do not match any user in this service.
[logsAndroid_Pixel_3 INFO ] 2021-11-01 13:12:05.542 VerificationUtils:27 - expected: Username and password do not match any user in this service.
[logsAndroid_Pixel_3 DEBUG] 2021-11-01 13:12:06.539 LoginTests:70 - ******************* Test ended: invalidUserName*******************
[logsAndroid_Pixel_3 DEBUG] 2021-11-01 13:12:06.542 LoginTests:71 - ---------------------------------------------------
[logsAndroid_Pixel_3 DEBUG] 2021-11-01 13:12:09.093 LoginTests:61 - ---------------------------------------------------
[logsAndroid_Pixel_3 DEBUG] 2021-11-01 13:12:09.094 LoginTests:62 - ******************* Test started: successfulLogin*******************
[logsAndroid_Pixel_3 INFO ] 2021-11-01 13:12:09.158 BasePage:55 - Filling standard_user in Username Textbox
[logsAndroid_Pixel_3 INFO ] 2021-11-01 13:12:10.437 BasePage:55 - Filling secret_sauce in Password Textbox
[logsAndroid_Pixel_3 INFO ] 2021-11-01 13:12:11.068 BasePage:41 - Login button is clicked
[logsAndroid_Pixel_3 INFO ] 2021-11-01 13:12:13.490 BasePage:62 - Attribute: text value for PRODUCTS is - PRODUCTS
[logsAndroid_Pixel_3 INFO ] 2021-11-01 13:12:13.645 VerificationUtils:26 - Actual: PRODUCTS
[logsAndroid_Pixel_3 INFO ] 2021-11-01 13:12:13.647 VerificationUtils:27 - expected: PRODUCTS
[logsAndroid_Pixel_3 DEBUG] 2021-11-01 13:12:14.784 LoginTests:70 - ******************* Test ended: successfulLogin*******************
[logsAndroid_Pixel_3 DEBUG] 2021-11-01 13:12:14.784 LoginTests:71 - ---------------------------------------------------
[logsAndroid_Pixel_3 DEBUG] 2021-11-01 13:12:22.826 ProductTests:64 - ---------------------------------------------------
[logsAndroid_Pixel_3 DEBUG] 2021-11-01 13:12:22.839 ProductTests:65 - ******************* Test started: validateProductOnProductDetailsPage*******************
[logsAndroid_Pixel_3 INFO ] 2021-11-01 13:12:24.313 BasePage:55 - Filling standard_user in Username Textbox
[logsAndroid_Pixel_3 INFO ] 2021-11-01 13:12:25.047 BasePage:55 - Filling secret_sauce in Password Textbox
[logsAndroid_Pixel_3 INFO ] 2021-11-01 13:12:26.389 BasePage:41 - Login button is clicked
[logsAndroid_Pixel_3 INFO ] 2021-11-01 13:12:29.686 BasePage:62 - Attribute: text value for PRODUCTS is - PRODUCTS
[logsAndroid_Pixel_3 INFO ] 2021-11-01 13:12:29.821 VerificationUtils:26 - Actual: PRODUCTS
[logsAndroid_Pixel_3 INFO ] 2021-11-01 13:12:29.822 VerificationUtils:27 - expected: PRODUCTS
[logsAndroid_Pixel_3 INFO ] 2021-11-01 13:12:31.735 BasePage:34 - Sauce Labs Backpack is clicked
[logsAndroid_Pixel_3 INFO ] 2021-11-01 13:12:34.463 BasePage:62 - Attribute: text value for Sauce Labs Backpack is - Sauce Labs Backpack
[logsAndroid_Pixel_3 INFO ] 2021-11-01 13:12:34.630 VerificationUtils:26 - Actual: Sauce Labs Backpack
[logsAndroid_Pixel_3 INFO ] 2021-11-01 13:12:34.630 VerificationUtils:27 - expected: Sauce Labs Backpack
[logsAndroid_Pixel_3 INFO ] 2021-11-01 13:12:36.511 BasePage:62 - Attribute: text value for carry.allTheThings() with the sleek, streamlined Sly Pack that melds uncompromising style with unequaled laptop and tablet protection. is - carry.allTheThings() with the sleek, streamlined Sly Pack that melds uncompromising style with unequaled laptop and tablet protection.
[logsAndroid_Pixel_3 INFO ] 2021-11-01 13:12:36.620 VerificationUtils:26 - Actual: carry.allTheThings() with the sleek, streamlined Sly Pack that melds uncompromising style with unequaled laptop and tablet protection.
[logsAndroid_Pixel_3 INFO ] 2021-11-01 13:12:36.621 VerificationUtils:27 - expected: carry.allTheThings() with the sleek, streamlined Sly Pack that melds uncompromising style with unequaled laptop and tablet protection.
[logsAndroid_Pixel_3 INFO ] 2021-11-01 13:12:43.773 BasePage:62 - Attribute: text value for $29.99 is - $29.99
[logsAndroid_Pixel_3 INFO ] 2021-11-01 13:12:43.979 VerificationUtils:26 - Actual: $29.99
[logsAndroid_Pixel_3 INFO ] 2021-11-01 13:12:43.980 VerificationUtils:27 - expected: $29.99
[logsAndroid_Pixel_3 DEBUG] 2021-11-01 13:12:44.735 ProductTests:74 - ******************* Test ended: validateProductOnProductDetailsPage*******************
[logsAndroid_Pixel_3 DEBUG] 2021-11-01 13:12:44.736 ProductTests:75 - ---------------------------------------------------
[logsAndroid_Pixel_3 DEBUG] 2021-11-01 13:13:04.213 ProductTests:64 - ---------------------------------------------------
[logsAndroid_Pixel_3 DEBUG] 2021-11-01 13:13:04.213 ProductTests:65 - ******************* Test started: validateProductOnProductsPage*******************
[logsAndroid_Pixel_3 INFO ] 2021-11-01 13:13:04.387 BasePage:55 - Filling standard_user in Username Textbox
[logsAndroid_Pixel_3 INFO ] 2021-11-01 13:13:05.162 BasePage:55 - Filling secret_sauce in Password Textbox
[logsAndroid_Pixel_3 INFO ] 2021-11-01 13:13:05.987 BasePage:41 - Login button is clicked
[logsAndroid_Pixel_3 INFO ] 2021-11-01 13:13:09.367 BasePage:62 - Attribute: text value for PRODUCTS is - PRODUCTS
[logsAndroid_Pixel_3 INFO ] 2021-11-01 13:13:09.462 VerificationUtils:26 - Actual: PRODUCTS
[logsAndroid_Pixel_3 INFO ] 2021-11-01 13:13:09.462 VerificationUtils:27 - expected: PRODUCTS
[logsAndroid_Pixel_3 INFO ] 2021-11-01 13:13:12.339 BasePage:62 - Attribute: text value for Sauce Labs Backpack is - Sauce Labs Backpack
[logsAndroid_Pixel_3 INFO ] 2021-11-01 13:13:12.459 VerificationUtils:26 - Actual: Sauce Labs Backpack
[logsAndroid_Pixel_3 INFO ] 2021-11-01 13:13:12.460 VerificationUtils:27 - expected: Sauce Labs Backpack
[logsAndroid_Pixel_3 INFO ] 2021-11-01 13:13:14.379 BasePage:62 - Attribute: text value for $29.99 is - $29.99
[logsAndroid_Pixel_3 INFO ] 2021-11-01 13:13:14.466 VerificationUtils:26 - Actual: $29.99
[logsAndroid_Pixel_3 INFO ] 2021-11-01 13:13:14.466 VerificationUtils:27 - expected: $29.99
[logsAndroid_Pixel_3 INFO ] 2021-11-01 13:13:15.773 BasePage:41 - Settings button is clicked
[logsAndroid_Pixel_3 INFO ] 2021-11-01 13:13:17.786 BasePage:41 - Logout button is clicked
[logsAndroid_Pixel_3 DEBUG] 2021-11-01 13:13:18.955 ProductTests:74 - ******************* Test ended: validateProductOnProductsPage*******************
[logsAndroid_Pixel_3 DEBUG] 2021-11-01 13:13:18.955 ProductTests:75 - ---------------------------------------------------
[logsAndroid_Pixel_3 DEBUG] 2021-11-01 13:13:24.937 ProductTests:64 - ---------------------------------------------------
[logsAndroid_Pixel_3 DEBUG] 2021-11-01 13:13:24.938 ProductTests:65 - ******************* Test started: validateProductOnProductsPage*******************
[logsAndroid_Pixel_3 INFO ] 2021-11-01 13:13:25.270 BasePage:55 - Filling standard_user in Username Textbox
[logsAndroid_Pixel_3 INFO ] 2021-11-01 13:13:26.462 BasePage:55 - Filling secret_sauce in Password Textbox
[logsAndroid_Pixel_3 INFO ] 2021-11-01 13:13:27.599 BasePage:41 - Login button is clicked
[logsAndroid_Pixel_3 INFO ] 2021-11-01 13:13:29.142 BasePage:62 - Attribute: text value for PRODUCTS is - PRODUCTS
[logsAndroid_Pixel_3 INFO ] 2021-11-01 13:13:29.250 VerificationUtils:26 - Actual: PRODUCTS
[logsAndroid_Pixel_3 INFO ] 2021-11-01 13:13:29.250 VerificationUtils:27 - expected: PRODUCTS
[logsAndroid_Pixel_3 INFO ] 2021-11-01 13:13:30.491 BasePage:62 - Attribute: text value for Sauce Labs Backpack is - Sauce Labs Backpack
[logsAndroid_Pixel_3 INFO ] 2021-11-01 13:13:30.584 VerificationUtils:26 - Actual: Sauce Labs Backpack
[logsAndroid_Pixel_3 INFO ] 2021-11-01 13:13:30.584 VerificationUtils:27 - expected: Sauce Labs Backpack
[logsAndroid_Pixel_3 INFO ] 2021-11-01 13:13:31.769 BasePage:62 - Attribute: text value for $29.99 is - $29.99
[logsAndroid_Pixel_3 INFO ] 2021-11-01 13:13:31.864 VerificationUtils:26 - Actual: $29.99
[logsAndroid_Pixel_3 INFO ] 2021-11-01 13:13:31.864 VerificationUtils:27 - expected: $29.99
[logsAndroid_Pixel_3 INFO ] 2021-11-01 13:13:32.744 BasePage:41 - Settings button is clicked
[logsAndroid_Pixel_3 INFO ] 2021-11-01 13:13:34.708 BasePage:41 - Logout button is clicked
[logsAndroid_Pixel_3 DEBUG] 2021-11-01 13:13:35.804 ProductTests:74 - ******************* Test ended: validateProductOnProductsPage*******************
[logsAndroid_Pixel_3 DEBUG] 2021-11-01 13:13:35.805 ProductTests:75 - ---------------------------------------------------
[logsAndroid_Pixel_3 DEBUG] 2021-11-01 13:16:25.795 BaseTest:87 - Log file path: logs\Android_Pixel_3
[logsAndroid_Pixel_3 DEBUG] 2021-11-01 13:16:37.380 BaseTest:106 - sessionId: 7dc77f53-ad0b-487e-8d92-281a1a16f6b5
[logsAndroid_Pixel_3 DEBUG] 2021-11-01 13:16:38.461 LoginTests:61 - ---------------------------------------------------
[logsAndroid_Pixel_3 DEBUG] 2021-11-01 13:16:38.461 LoginTests:62 - ******************* Test started: invalidPassword*******************
[logsAndroid_Pixel_3 INFO ] 2021-11-01 13:16:39.748 BasePage:55 - Filling standard_user in Username Textbox
[logsAndroid_Pixel_3 INFO ] 2021-11-01 13:16:40.419 BasePage:55 - Filling invalidpassword in Password Textbox
[logsAndroid_Pixel_3 INFO ] 2021-11-01 13:16:41.554 BasePage:41 - Login button is clicked
[logsAndroid_Pixel_3 INFO ] 2021-11-01 13:16:42.608 BasePage:62 - Attribute: text value for Username and password do not match any user in this service. is - Username and password do not match any user in this service.
[logsAndroid_Pixel_3 INFO ] 2021-11-01 13:16:42.749 VerificationUtils:26 - Actual: Username and password do not match any user in this service.
[logsAndroid_Pixel_3 INFO ] 2021-11-01 13:16:42.750 VerificationUtils:27 - expected: Username and password do not match any user in this service.
[logsAndroid_Pixel_3 DEBUG] 2021-11-01 13:16:43.288 LoginTests:70 - ******************* Test ended: invalidPassword*******************
[logsAndroid_Pixel_3 DEBUG] 2021-11-01 13:16:43.289 LoginTests:71 - ---------------------------------------------------
[logsAndroid_Pixel_3 DEBUG] 2021-11-01 13:16:44.973 LoginTests:61 - ---------------------------------------------------
[logsAndroid_Pixel_3 DEBUG] 2021-11-01 13:16:44.973 LoginTests:62 - ******************* Test started: invalidUserName*******************
[logsAndroid_Pixel_3 INFO ] 2021-11-01 13:16:45.027 BasePage:55 - Filling invalidusername in Username Textbox
[logsAndroid_Pixel_3 INFO ] 2021-11-01 13:16:45.650 BasePage:55 - Filling secret_sauce in Password Textbox
[logsAndroid_Pixel_3 INFO ] 2021-11-01 13:16:46.294 BasePage:41 - Login button is clicked
[logsAndroid_Pixel_3 INFO ] 2021-11-01 13:16:47.016 BasePage:62 - Attribute: text value for Username and password do not match any user in this service. is - Username and password do not match any user in this service.
[logsAndroid_Pixel_3 INFO ] 2021-11-01 13:16:47.137 VerificationUtils:26 - Actual: Username and password do not match any user in this service.
[logsAndroid_Pixel_3 INFO ] 2021-11-01 13:16:47.137 VerificationUtils:27 - expected: Username and password do not match any user in this service.
[logsAndroid_Pixel_3 DEBUG] 2021-11-01 13:16:47.503 LoginTests:70 - ******************* Test ended: invalidUserName*******************
[logsAndroid_Pixel_3 DEBUG] 2021-11-01 13:16:47.503 LoginTests:71 - ---------------------------------------------------
[logsAndroid_Pixel_3 DEBUG] 2021-11-01 13:16:49.190 LoginTests:61 - ---------------------------------------------------
[logsAndroid_Pixel_3 DEBUG] 2021-11-01 13:16:49.191 LoginTests:62 - ******************* Test started: successfulLogin*******************
[logsAndroid_Pixel_3 INFO ] 2021-11-01 13:16:49.257 BasePage:55 - Filling standard_user in Username Textbox
[logsAndroid_Pixel_3 INFO ] 2021-11-01 13:16:50.471 BasePage:55 - Filling secret_sauce in Password Textbox
[logsAndroid_Pixel_3 INFO ] 2021-11-01 13:16:51.119 BasePage:41 - Login button is clicked
[logsAndroid_Pixel_3 INFO ] 2021-11-01 13:16:53.856 BasePage:62 - Attribute: text value for PRODUCTS is - PRODUCTS
[logsAndroid_Pixel_3 INFO ] 2021-11-01 13:16:54.048 VerificationUtils:26 - Actual: PRODUCTS
[logsAndroid_Pixel_3 INFO ] 2021-11-01 13:16:54.048 VerificationUtils:27 - expected: PRODUCTS
[logsAndroid_Pixel_3 DEBUG] 2021-11-01 13:16:55.522 LoginTests:70 - ******************* Test ended: successfulLogin*******************
[logsAndroid_Pixel_3 DEBUG] 2021-11-01 13:16:55.523 LoginTests:71 - ---------------------------------------------------
[logsAndroid_Pixel_3 DEBUG] 2021-11-01 15:08:33.797 BaseTest:87 - Log file path: logs\Android_Pixel_3
[logsAndroid_Pixel_3 DEBUG] 2021-11-01 15:08:49.546 BaseTest:106 - sessionId: a6136542-c837-4cbe-8204-41ff26ad01fb
[logsAndroid_Pixel_3 DEBUG] 2021-11-01 15:08:50.557 LoginTests:61 - ---------------------------------------------------
[logsAndroid_Pixel_3 DEBUG] 2021-11-01 15:08:50.558 LoginTests:62 - ******************* Test started: invalidPassword*******************
[logsAndroid_Pixel_3 INFO ] 2021-11-01 15:08:52.546 BasePage:55 - Filling standard_user in Username Textbox
[logsAndroid_Pixel_3 INFO ] 2021-11-01 15:08:53.341 BasePage:55 - Filling invalidpassword in Password Textbox
[logsAndroid_Pixel_3 INFO ] 2021-11-01 15:08:54.737 BasePage:41 - Login button is clicked
[logsAndroid_Pixel_3 INFO ] 2021-11-01 15:08:55.950 BasePage:62 - Attribute: text value for Username and password do not match any user in this service. is - Username and password do not match any user in this service.
[logsAndroid_Pixel_3 INFO ] 2021-11-01 15:08:56.067 VerificationUtils:26 - Actual: Username and password do not match any user in this service.
[logsAndroid_Pixel_3 INFO ] 2021-11-01 15:08:56.069 VerificationUtils:27 - expected: Username and password do not match any user in this service.
[logsAndroid_Pixel_3 DEBUG] 2021-11-01 15:08:56.648 LoginTests:70 - ******************* Test ended: invalidPassword*******************
[logsAndroid_Pixel_3 DEBUG] 2021-11-01 15:08:56.649 LoginTests:71 - ---------------------------------------------------
[logsAndroid_Pixel_3 DEBUG] 2021-11-01 15:08:58.959 LoginTests:61 - ---------------------------------------------------
[logsAndroid_Pixel_3 DEBUG] 2021-11-01 15:08:58.959 LoginTests:62 - ******************* Test started: invalidUserName*******************
[logsAndroid_Pixel_3 INFO ] 2021-11-01 15:08:59.011 BasePage:55 - Filling invalidusername in Username Textbox
[logsAndroid_Pixel_3 INFO ] 2021-11-01 15:08:59.762 BasePage:55 - Filling secret_sauce in Password Textbox
[logsAndroid_Pixel_3 INFO ] 2021-11-01 15:09:01.035 BasePage:41 - Login button is clicked
[logsAndroid_Pixel_3 INFO ] 2021-11-01 15:09:01.676 BasePage:62 - Attribute: text value for Username and password do not match any user in this service. is - Username and password do not match any user in this service.
[logsAndroid_Pixel_3 INFO ] 2021-11-01 15:09:01.767 VerificationUtils:26 - Actual: Username and password do not match any user in this service.
[logsAndroid_Pixel_3 INFO ] 2021-11-01 15:09:01.768 VerificationUtils:27 - expected: Username and password do not match any user in this service.
[logsAndroid_Pixel_3 DEBUG] 2021-11-01 15:09:02.436 LoginTests:70 - ******************* Test ended: invalidUserName*******************
[logsAndroid_Pixel_3 DEBUG] 2021-11-01 15:09:02.437 LoginTests:71 - ---------------------------------------------------
[logsAndroid_Pixel_3 DEBUG] 2021-11-01 15:09:03.438 LoginTests:61 - ---------------------------------------------------
[logsAndroid_Pixel_3 DEBUG] 2021-11-01 15:09:03.439 LoginTests:62 - ******************* Test started: successfulLogin*******************
[logsAndroid_Pixel_3 INFO ] 2021-11-01 15:09:03.701 BasePage:55 - Filling standard_user in Username Textbox
[logsAndroid_Pixel_3 INFO ] 2021-11-01 15:09:04.630 BasePage:55 - Filling secret_sauce in Password Textbox
[logsAndroid_Pixel_3 INFO ] 2021-11-01 15:09:05.711 BasePage:41 - Login button is clicked
[logsAndroid_Pixel_3 INFO ] 2021-11-01 15:09:09.218 BasePage:62 - Attribute: text value for PRODUCTS is - PRODUCTS
[logsAndroid_Pixel_3 INFO ] 2021-11-01 15:09:09.462 VerificationUtils:26 - Actual: PRODUCTS
[logsAndroid_Pixel_3 INFO ] 2021-11-01 15:09:09.463 VerificationUtils:27 - expected: PRODUCTS
[logsAndroid_Pixel_3 DEBUG] 2021-11-01 15:09:11.187 LoginTests:70 - ******************* Test ended: successfulLogin*******************
[logsAndroid_Pixel_3 DEBUG] 2021-11-01 15:09:11.187 LoginTests:71 - ---------------------------------------------------
[logsAndroid_Pixel_3 DEBUG] 2021-11-01 15:10:41.081 BaseTest:87 - Log file path: logs\Android_Pixel_3
[logsAndroid_Pixel_3 DEBUG] 2021-11-01 15:10:51.829 BaseTest:106 - sessionId: 01b81bd0-ebab-4538-b03b-c94fad665b6d
[logsAndroid_Pixel_3 DEBUG] 2021-11-01 15:10:52.614 LoginTests:61 - ---------------------------------------------------
[logsAndroid_Pixel_3 DEBUG] 2021-11-01 15:10:52.614 LoginTests:62 - ******************* Test started: invalidPassword*******************
[logsAndroid_Pixel_3 INFO ] 2021-11-01 15:10:54.087 BasePage:55 - Filling standard_user in Username Textbox
[logsAndroid_Pixel_3 INFO ] 2021-11-01 15:10:55.274 BasePage:55 - Filling invalidpassword in Password Textbox
[logsAndroid_Pixel_3 INFO ] 2021-11-01 15:10:56.468 BasePage:41 - Login button is clicked
[logsAndroid_Pixel_3 INFO ] 2021-11-01 15:10:57.434 BasePage:62 - Attribute: text value for Username and password do not match any user in this service. is - Username and password do not match any user in this service.
[logsAndroid_Pixel_3 INFO ] 2021-11-01 15:10:57.529 VerificationUtils:26 - Actual: Username and password do not match any user in this service.
[logsAndroid_Pixel_3 INFO ] 2021-11-01 15:10:57.530 VerificationUtils:27 - Expected: Username and password do not match any user in this service.
[logsAndroid_Pixel_3 DEBUG] 2021-11-01 15:10:57.943 LoginTests:70 - ******************* Test ended: invalidPassword*******************
[logsAndroid_Pixel_3 DEBUG] 2021-11-01 15:10:57.944 LoginTests:71 - ---------------------------------------------------
[logsAndroid_Pixel_3 DEBUG] 2021-11-01 15:10:59.411 LoginTests:61 - ---------------------------------------------------
[logsAndroid_Pixel_3 DEBUG] 2021-11-01 15:10:59.411 LoginTests:62 - ******************* Test started: invalidUserName*******************
[logsAndroid_Pixel_3 INFO ] 2021-11-01 15:10:59.492 BasePage:55 - Filling invalidusername in Username Textbox
[logsAndroid_Pixel_3 INFO ] 2021-11-01 15:11:00.714 BasePage:55 - Filling secret_sauce in Password Textbox
[logsAndroid_Pixel_3 INFO ] 2021-11-01 15:11:01.349 BasePage:41 - Login button is clicked
[logsAndroid_Pixel_3 INFO ] 2021-11-01 15:11:02.582 BasePage:62 - Attribute: text value for Username and password do not match any user in this service. is - Username and password do not match any user in this service.
[logsAndroid_Pixel_3 INFO ] 2021-11-01 15:11:02.657 VerificationUtils:26 - Actual: Username and password do not match any user in this service.
[logsAndroid_Pixel_3 INFO ] 2021-11-01 15:11:02.658 VerificationUtils:27 - Expected: Username and password do not match any user in this service.
[logsAndroid_Pixel_3 DEBUG] 2021-11-01 15:11:03.080 LoginTests:70 - ******************* Test ended: invalidUserName*******************
[logsAndroid_Pixel_3 DEBUG] 2021-11-01 15:11:03.081 LoginTests:71 - ---------------------------------------------------
[logsAndroid_Pixel_3 DEBUG] 2021-11-01 15:11:04.649 LoginTests:61 - ---------------------------------------------------
[logsAndroid_Pixel_3 DEBUG] 2021-11-01 15:11:04.650 LoginTests:62 - ******************* Test started: successfulLogin*******************
[logsAndroid_Pixel_3 INFO ] 2021-11-01 15:11:04.721 BasePage:55 - Filling standard_user in Username Textbox
[logsAndroid_Pixel_3 INFO ] 2021-11-01 15:11:05.370 BasePage:55 - Filling secret_sauce in Password Textbox
[logsAndroid_Pixel_3 INFO ] 2021-11-01 15:11:06.463 BasePage:41 - Login button is clicked
[logsAndroid_Pixel_3 INFO ] 2021-11-01 15:11:08.986 BasePage:62 - Attribute: text value for PRODUCTS is - PRODUCTS
[logsAndroid_Pixel_3 INFO ] 2021-11-01 15:11:09.410 VerificationUtils:26 - Actual: PRODUCTS
[logsAndroid_Pixel_3 INFO ] 2021-11-01 15:11:09.411 VerificationUtils:27 - Expected: PRODUCTS
[logsAndroid_Pixel_3 DEBUG] 2021-11-01 15:11:11.275 LoginTests:70 - ******************* Test ended: successfulLogin*******************
[logsAndroid_Pixel_3 DEBUG] 2021-11-01 15:11:11.275 LoginTests:71 - ---------------------------------------------------
[logsAndroid_Pixel_3 DEBUG] 2021-11-01 15:11:19.987 ProductTests:64 - ---------------------------------------------------
[logsAndroid_Pixel_3 DEBUG] 2021-11-01 15:11:19.988 ProductTests:65 - ******************* Test started: validateProductOnProductDetailsPage*******************
[logsAndroid_Pixel_3 INFO ] 2021-11-01 15:11:21.154 BasePage:55 - Filling standard_user in Username Textbox
[logsAndroid_Pixel_3 INFO ] 2021-11-01 15:11:22.401 BasePage:55 - Filling secret_sauce in Password Textbox
[logsAndroid_Pixel_3 INFO ] 2021-11-01 15:11:23.090 BasePage:41 - Login button is clicked
[logsAndroid_Pixel_3 INFO ] 2021-11-01 15:11:25.572 BasePage:62 - Attribute: text value for PRODUCTS is - PRODUCTS
[logsAndroid_Pixel_3 INFO ] 2021-11-01 15:11:25.687 VerificationUtils:26 - Actual: PRODUCTS
[logsAndroid_Pixel_3 INFO ] 2021-11-01 15:11:25.687 VerificationUtils:27 - Expected: PRODUCTS
[logsAndroid_Pixel_3 INFO ] 2021-11-01 15:11:26.870 BasePage:34 - Sauce Labs Backpack is clicked
[logsAndroid_Pixel_3 INFO ] 2021-11-01 15:11:28.645 BasePage:62 - Attribute: text value for Sauce Labs Backpack is - Sauce Labs Backpack
[logsAndroid_Pixel_3 INFO ] 2021-11-01 15:11:28.725 VerificationUtils:26 - Actual: Sauce Labs Backpack
[logsAndroid_Pixel_3 INFO ] 2021-11-01 15:11:28.726 VerificationUtils:27 - Expected: Sauce Labs Backpack
[logsAndroid_Pixel_3 INFO ] 2021-11-01 15:11:29.987 BasePage:62 - Attribute: text value for carry.allTheThings() with the sleek, streamlined Sly Pack that melds uncompromising style with unequaled laptop and tablet protection. is - carry.allTheThings() with the sleek, streamlined Sly Pack that melds uncompromising style with unequaled laptop and tablet protection.
[logsAndroid_Pixel_3 INFO ] 2021-11-01 15:11:30.058 VerificationUtils:26 - Actual: carry.allTheThings() with the sleek, streamlined Sly Pack that melds uncompromising style with unequaled laptop and tablet protection.
[logsAndroid_Pixel_3 INFO ] 2021-11-01 15:11:30.058 VerificationUtils:27 - Expected: carry.allTheThings() with the sleek, streamlined Sly Pack that melds uncompromising style with unequaled laptop and tablet protection.
[logsAndroid_Pixel_3 INFO ] 2021-11-01 15:11:35.517 BasePage:62 - Attribute: text value for $29.99 is - $29.99
[logsAndroid_Pixel_3 INFO ] 2021-11-01 15:11:35.565 VerificationUtils:26 - Actual: $29.99
[logsAndroid_Pixel_3 INFO ] 2021-11-01 15:11:35.566 VerificationUtils:27 - Expected: $29.99
[logsAndroid_Pixel_3 DEBUG] 2021-11-01 15:11:35.921 ProductTests:74 - ******************* Test ended: validateProductOnProductDetailsPage*******************
[logsAndroid_Pixel_3 DEBUG] 2021-11-01 15:11:35.921 ProductTests:75 - ---------------------------------------------------
[logsAndroid_Pixel_3 DEBUG] 2021-11-01 15:11:41.177 ProductTests:64 - ---------------------------------------------------
[logsAndroid_Pixel_3 DEBUG] 2021-11-01 15:11:41.177 ProductTests:65 - ******************* Test started: validateProductOnProductsPage*******************
[logsAndroid_Pixel_3 INFO ] 2021-11-01 15:11:41.232 BasePage:55 - Filling standard_user in Username Textbox
[logsAndroid_Pixel_3 INFO ] 2021-11-01 15:11:42.335 BasePage:55 - Filling secret_sauce in Password Textbox
[logsAndroid_Pixel_3 INFO ] 2021-11-01 15:11:42.967 BasePage:41 - Login button is clicked
[logsAndroid_Pixel_3 INFO ] 2021-11-01 15:11:44.805 BasePage:62 - Attribute: text value for PRODUCTS is - PRODUCTS
[logsAndroid_Pixel_3 INFO ] 2021-11-01 15:11:44.870 VerificationUtils:26 - Actual: PRODUCTS
[logsAndroid_Pixel_3 INFO ] 2021-11-01 15:11:44.871 VerificationUtils:27 - Expected: PRODUCTS
[logsAndroid_Pixel_3 INFO ] 2021-11-01 15:11:46.213 BasePage:62 - Attribute: text value for Sauce Labs Backpack is - Sauce Labs Backpack
[logsAndroid_Pixel_3 INFO ] 2021-11-01 15:11:46.282 VerificationUtils:26 - Actual: Sauce Labs Backpack
[logsAndroid_Pixel_3 INFO ] 2021-11-01 15:11:46.282 VerificationUtils:27 - Expected: Sauce Labs Backpack
[logsAndroid_Pixel_3 INFO ] 2021-11-01 15:11:47.234 BasePage:62 - Attribute: text value for $29.99 is - $29.99
[logsAndroid_Pixel_3 INFO ] 2021-11-01 15:11:47.308 VerificationUtils:26 - Actual: $29.99
[logsAndroid_Pixel_3 INFO ] 2021-11-01 15:11:47.308 VerificationUtils:27 - Expected: $29.99
[logsAndroid_Pixel_3 INFO ] 2021-11-01 15:11:48.115 BasePage:41 - Settings button is clicked
[logsAndroid_Pixel_3 INFO ] 2021-11-01 15:11:49.983 BasePage:41 - Logout button is clicked
[logsAndroid_Pixel_3 DEBUG] 2021-11-01 15:11:50.613 ProductTests:74 - ******************* Test ended: validateProductOnProductsPage*******************
[logsAndroid_Pixel_3 DEBUG] 2021-11-01 15:11:50.614 ProductTests:75 - ---------------------------------------------------
[logsAndroid_Pixel_3 DEBUG] 2021-11-01 15:11:56.303 ProductTests:64 - ---------------------------------------------------
[logsAndroid_Pixel_3 DEBUG] 2021-11-01 15:11:56.303 ProductTests:65 - ******************* Test started: validateProductOnProductsPage*******************
[logsAndroid_Pixel_3 INFO ] 2021-11-01 15:11:56.721 BasePage:55 - Filling standard_user in Username Textbox
[logsAndroid_Pixel_3 INFO ] 2021-11-01 15:11:57.786 BasePage:55 - Filling secret_sauce in Password Textbox
[logsAndroid_Pixel_3 INFO ] 2021-11-01 15:11:58.859 BasePage:41 - Login button is clicked
[logsAndroid_Pixel_3 INFO ] 2021-11-01 15:12:00.503 BasePage:62 - Attribute: text value for PRODUCTS is - PRODUCTS
[logsAndroid_Pixel_3 INFO ] 2021-11-01 15:12:00.606 VerificationUtils:26 - Actual: PRODUCTS
[logsAndroid_Pixel_3 INFO ] 2021-11-01 15:12:00.607 VerificationUtils:27 - Expected: PRODUCTS
[logsAndroid_Pixel_3 INFO ] 2021-11-01 15:12:01.954 BasePage:62 - Attribute: text value for Sauce Labs Backpack is - Sauce Labs Backpack
[logsAndroid_Pixel_3 INFO ] 2021-11-01 15:12:02.598 VerificationUtils:26 - Actual: Sauce Labs Backpack
[logsAndroid_Pixel_3 INFO ] 2021-11-01 15:12:02.598 VerificationUtils:27 - Expected: Sauce Labs Backpack
[logsAndroid_Pixel_3 INFO ] 2021-11-01 15:12:03.643 BasePage:62 - Attribute: text value for $29.99 is - $29.99
[logsAndroid_Pixel_3 INFO ] 2021-11-01 15:12:03.713 VerificationUtils:26 - Actual: $29.99
[logsAndroid_Pixel_3 INFO ] 2021-11-01 15:12:03.713 VerificationUtils:27 - Expected: $29.99
[logsAndroid_Pixel_3 INFO ] 2021-11-01 15:12:04.862 BasePage:41 - Settings button is clicked
[logsAndroid_Pixel_3 INFO ] 2021-11-01 15:12:06.747 BasePage:41 - Logout button is clicked
[logsAndroid_Pixel_3 DEBUG] 2021-11-01 15:12:07.455 ProductTests:74 - ******************* Test ended: validateProductOnProductsPage*******************
[logsAndroid_Pixel_3 DEBUG] 2021-11-01 15:12:07.455 ProductTests:75 - ---------------------------------------------------
[logsAndroid_Pixel_3 DEBUG] 2021-11-01 15:12:13.314 BaseTest:147 - Appium Server stopped.............
